[INFO ]2016-11-03 09:52:03.191 [main] LoginServiceIntfImpl- User with name Иван was found
[INFO ]2016-11-03 09:52:03.244 [main] LoginServiceIntfImpl- Current time is 23
[TRACE]2016-11-03 09:52:03.245 [main] LoginServiceIntfImpl- Message "nightMessage" will be printed
[INFO ]2016-11-03 09:52:03.245 [main] LoginServiceIntfImpl- Current time is 5
[TRACE]2016-11-03 09:52:03.245 [main] LoginServiceIntfImpl- Message "nightMessage" will be printed
[INFO ]2016-11-03 09:52:03.245 [main] LoginServiceIntfImpl- Current time is 6
[TRACE]2016-11-03 09:52:03.245 [main] LoginServiceIntfImpl- Message "morningMessage" will be printed
[INFO ]2016-11-03 09:52:03.522 [main] LoginServiceIntfImpl- Server received login: not_existed_user
[INFO ]2016-11-03 09:52:03.522 [main] LoginServiceIntfImpl- Server received locale: ru
[INFO ]2016-11-03 09:52:03.530 [main] LoginServiceIntfImpl- User is not found
[INFO ]2016-11-03 09:52:03.532 [main] LoginServiceIntfImpl- Server received login: user
[INFO ]2016-11-03 09:52:03.532 [main] LoginServiceIntfImpl- Server received locale: uk
[INFO ]2016-11-03 09:52:03.535 [main] LoginServiceIntfImpl- Current time is 19
[TRACE]2016-11-03 09:52:03.535 [main] LoginServiceIntfImpl- Message "eveningMessage" will be printed
[INFO ]2016-11-03 09:52:03.535 [main] LoginServiceIntfImpl- Current time is 23
[TRACE]2016-11-03 09:52:03.536 [main] LoginServiceIntfImpl- Message "nightMessage" will be printed
[INFO ]2016-11-03 09:52:03.537 [main] LoginServiceIntfImpl- Current time is 9
[TRACE]2016-11-03 09:52:03.538 [main] LoginServiceIntfImpl- Message "dayMessage" will be printed
[INFO ]2016-11-03 09:52:03.539 [main] LoginServiceIntfImpl- Current time is 19
[TRACE]2016-11-03 09:52:03.539 [main] LoginServiceIntfImpl- Message "eveningMessage" will be printed
[INFO ]2016-11-03 09:52:03.540 [main] LoginServiceIntfImpl- Current time is 6
[TRACE]2016-11-03 09:52:03.540 [main] LoginServiceIntfImpl- Message "morningMessage" will be printed
[INFO ]2016-11-03 09:52:03.540 [main] LoginServiceIntfImpl- Current time is 9
[TRACE]2016-11-03 09:52:03.540 [main] LoginServiceIntfImpl- Message "dayMessage" will be printed
[INFO ]2016-11-03 09:52:54.976 [main] LoginServiceIntfImpl- User with name Иван was found
[INFO ]2016-11-03 09:52:54.979 [main] LoginServiceIntfImpl- Current time is 23
[TRACE]2016-11-03 09:52:54.979 [main] LoginServiceIntfImpl- Message "nightMessage" will be printed
[INFO ]2016-11-03 09:52:54.979 [main] LoginServiceIntfImpl- Current time is 5
[TRACE]2016-11-03 09:52:54.980 [main] LoginServiceIntfImpl- Message "nightMessage" will be printed
[INFO ]2016-11-03 09:52:54.980 [main] LoginServiceIntfImpl- Current time is 6
[TRACE]2016-11-03 09:52:54.980 [main] LoginServiceIntfImpl- Message "morningMessage" will be printed
[INFO ]2016-11-03 09:52:55.150 [main] LoginServiceIntfImpl- Server received login: not_existed_user
[INFO ]2016-11-03 09:52:55.150 [main] LoginServiceIntfImpl- Server received locale: ru
[INFO ]2016-11-03 09:52:55.157 [main] LoginServiceIntfImpl- User is not found
[INFO ]2016-11-03 09:52:55.158 [main] LoginServiceIntfImpl- Server received login: user
[INFO ]2016-11-03 09:52:55.159 [main] LoginServiceIntfImpl- Server received locale: uk
[INFO ]2016-11-03 09:52:55.160 [main] LoginServiceIntfImpl- Current time is 19
[TRACE]2016-11-03 09:52:55.161 [main] LoginServiceIntfImpl- Message "eveningMessage" will be printed
[INFO ]2016-11-03 09:52:55.161 [main] LoginServiceIntfImpl- Current time is 23
[TRACE]2016-11-03 09:52:55.161 [main] LoginServiceIntfImpl- Message "nightMessage" will be printed
[INFO ]2016-11-03 09:52:55.161 [main] LoginServiceIntfImpl- Current time is 9
[TRACE]2016-11-03 09:52:55.161 [main] LoginServiceIntfImpl- Message "dayMessage" will be printed
[INFO ]2016-11-03 09:52:55.161 [main] LoginServiceIntfImpl- Current time is 19
[TRACE]2016-11-03 09:52:55.162 [main] LoginServiceIntfImpl- Message "eveningMessage" will be printed
[INFO ]2016-11-03 09:52:55.162 [main] LoginServiceIntfImpl- Current time is 6
[TRACE]2016-11-03 09:52:55.162 [main] LoginServiceIntfImpl- Message "morningMessage" will be printed
[INFO ]2016-11-03 09:52:55.162 [main] LoginServiceIntfImpl- Current time is 9
[TRACE]2016-11-03 09:52:55.162 [main] LoginServiceIntfImpl- Message "dayMessage" will be printed
[INFO ]2016-11-03 09:53:29.259 [main] LoginServiceIntfImpl- User with name Иван was found
[INFO ]2016-11-03 09:53:29.262 [main] LoginServiceIntfImpl- Current time is 23
[TRACE]2016-11-03 09:53:29.262 [main] LoginServiceIntfImpl- Message "nightMessage" will be printed
[INFO ]2016-11-03 09:53:29.262 [main] LoginServiceIntfImpl- Current time is 5
[TRACE]2016-11-03 09:53:29.263 [main] LoginServiceIntfImpl- Message "nightMessage" will be printed
[INFO ]2016-11-03 09:53:29.263 [main] LoginServiceIntfImpl- Current time is 6
[TRACE]2016-11-03 09:53:29.263 [main] LoginServiceIntfImpl- Message "morningMessage" will be printed
[INFO ]2016-11-03 09:53:29.429 [main] LoginServiceIntfImpl- Server received login: not_existed_user
[INFO ]2016-11-03 09:53:29.429 [main] LoginServiceIntfImpl- Server received locale: ru
[INFO ]2016-11-03 09:53:29.437 [main] LoginServiceIntfImpl- User is not found
[INFO ]2016-11-03 09:53:29.439 [main] LoginServiceIntfImpl- Server received login: user
[INFO ]2016-11-03 09:53:29.439 [main] LoginServiceIntfImpl- Server received locale: uk
[INFO ]2016-11-03 09:53:29.442 [main] LoginServiceIntfImpl- Current time is 19
[TRACE]2016-11-03 09:53:29.442 [main] LoginServiceIntfImpl- Message "eveningMessage" will be printed
[INFO ]2016-11-03 09:53:29.442 [main] LoginServiceIntfImpl- Current time is 23
[TRACE]2016-11-03 09:53:29.442 [main] LoginServiceIntfImpl- Message "nightMessage" will be printed
[INFO ]2016-11-03 09:53:29.443 [main] LoginServiceIntfImpl- Current time is 9
[TRACE]2016-11-03 09:53:29.444 [main] LoginServiceIntfImpl- Message "dayMessage" will be printed
[INFO ]2016-11-03 09:53:29.446 [main] LoginServiceIntfImpl- Current time is 19
[TRACE]2016-11-03 09:53:29.448 [main] LoginServiceIntfImpl- Message "eveningMessage" will be printed
[INFO ]2016-11-03 09:53:29.450 [main] LoginServiceIntfImpl- Current time is 6
[TRACE]2016-11-03 09:53:29.450 [main] LoginServiceIntfImpl- Message "morningMessage" will be printed
[INFO ]2016-11-03 09:53:29.450 [main] LoginServiceIntfImpl- Current time is 9
[TRACE]2016-11-03 09:53:29.451 [main] LoginServiceIntfImpl- Message "dayMessage" will be printed
[INFO ]2016-11-03 10:00:30.814 [main] LoginServiceIntfImpl- User with name Иван was found
[INFO ]2016-11-03 10:00:30.818 [main] LoginServiceIntfImpl- Current time is 23
[TRACE]2016-11-03 10:00:30.819 [main] LoginServiceIntfImpl- Message "nightMessage" will be printed
[INFO ]2016-11-03 10:00:30.819 [main] LoginServiceIntfImpl- Current time is 5
[TRACE]2016-11-03 10:00:30.819 [main] LoginServiceIntfImpl- Message "nightMessage" will be printed
[INFO ]2016-11-03 10:00:30.819 [main] LoginServiceIntfImpl- Current time is 6
[TRACE]2016-11-03 10:00:30.819 [main] LoginServiceIntfImpl- Message "morningMessage" will be printed
[INFO ]2016-11-03 10:00:31.123 [main] LoginServiceIntfImpl- Server received login: not_existed_user
[INFO ]2016-11-03 10:00:31.123 [main] LoginServiceIntfImpl- Server received locale: ru
[INFO ]2016-11-03 10:00:31.133 [main] LoginServiceIntfImpl- User is not found
[INFO ]2016-11-03 10:00:31.134 [main] LoginServiceIntfImpl- Server received login: user
[INFO ]2016-11-03 10:00:31.134 [main] LoginServiceIntfImpl- Server received locale: uk
[INFO ]2016-11-03 10:00:31.137 [main] LoginServiceIntfImpl- Current time is 19
[TRACE]2016-11-03 10:00:31.137 [main] LoginServiceIntfImpl- Message "eveningMessage" will be printed
[INFO ]2016-11-03 10:00:31.137 [main] LoginServiceIntfImpl- Current time is 23
[TRACE]2016-11-03 10:00:31.137 [main] LoginServiceIntfImpl- Message "nightMessage" will be printed
[INFO ]2016-11-03 10:00:31.138 [main] LoginServiceIntfImpl- Current time is 9
[TRACE]2016-11-03 10:00:31.139 [main] LoginServiceIntfImpl- Message "dayMessage" will be printed
[INFO ]2016-11-03 10:00:31.139 [main] LoginServiceIntfImpl- Current time is 19
[TRACE]2016-11-03 10:00:31.139 [main] LoginServiceIntfImpl- Message "eveningMessage" will be printed
[INFO ]2016-11-03 10:00:31.141 [main] LoginServiceIntfImpl- Current time is 6
[TRACE]2016-11-03 10:00:31.141 [main] LoginServiceIntfImpl- Message "morningMessage" will be printed
[INFO ]2016-11-03 10:00:31.141 [main] LoginServiceIntfImpl- Current time is 9
[TRACE]2016-11-03 10:00:31.141 [main] LoginServiceIntfImpl- Message "dayMessage" will be printed
[INFO ]2016-11-03 10:01:39.148 [main] LoginServiceIntfImpl- User with name Иван was found
[INFO ]2016-11-03 10:01:39.153 [main] LoginServiceIntfImpl- Current time is 23
[TRACE]2016-11-03 10:01:39.154 [main] LoginServiceIntfImpl- Message "nightMessage" will be printed
[INFO ]2016-11-03 10:01:39.154 [main] LoginServiceIntfImpl- Current time is 5
[TRACE]2016-11-03 10:01:39.154 [main] LoginServiceIntfImpl- Message "nightMessage" will be printed
[INFO ]2016-11-03 10:01:39.154 [main] LoginServiceIntfImpl- Current time is 6
[TRACE]2016-11-03 10:01:39.154 [main] LoginServiceIntfImpl- Message "morningMessage" will be printed
[INFO ]2016-11-03 10:01:39.369 [main] LoginServiceIntfImpl- Server received login: not_existed_user
[INFO ]2016-11-03 10:01:39.370 [main] LoginServiceIntfImpl- Server received locale: ru
[INFO ]2016-11-03 10:01:39.377 [main] LoginServiceIntfImpl- User is not found
[INFO ]2016-11-03 10:01:39.378 [main] LoginServiceIntfImpl- Server received login: user
[INFO ]2016-11-03 10:01:39.378 [main] LoginServiceIntfImpl- Server received locale: uk
[INFO ]2016-11-03 10:01:39.380 [main] LoginServiceIntfImpl- Current time is 19
[TRACE]2016-11-03 10:01:39.381 [main] LoginServiceIntfImpl- Message "eveningMessage" will be printed
[INFO ]2016-11-03 10:01:39.381 [main] LoginServiceIntfImpl- Current time is 23
[TRACE]2016-11-03 10:01:39.381 [main] LoginServiceIntfImpl- Message "nightMessage" will be printed
[INFO ]2016-11-03 10:01:39.381 [main] LoginServiceIntfImpl- Current time is 9
[TRACE]2016-11-03 10:01:39.381 [main] LoginServiceIntfImpl- Message "dayMessage" will be printed
[INFO ]2016-11-03 10:01:39.381 [main] LoginServiceIntfImpl- Current time is 19
[TRACE]2016-11-03 10:01:39.381 [main] LoginServiceIntfImpl- Message "eveningMessage" will be printed
[INFO ]2016-11-03 10:01:39.382 [main] LoginServiceIntfImpl- Current time is 6
[TRACE]2016-11-03 10:01:39.382 [main] LoginServiceIntfImpl- Message "morningMessage" will be printed
[INFO ]2016-11-03 10:01:39.382 [main] LoginServiceIntfImpl- Current time is 9
[TRACE]2016-11-03 10:01:39.382 [main] LoginServiceIntfImpl- Message "dayMessage" will be printed
[INFO ]2016-11-03 10:05:16.454 [main] LoginServiceIntfImpl- User with name Иван was found
[INFO ]2016-11-03 10:05:16.463 [main] LoginServiceIntfImpl- Current time is 23
[TRACE]2016-11-03 10:05:16.464 [main] LoginServiceIntfImpl- Message "nightMessage" will be printed
[INFO ]2016-11-03 10:05:16.464 [main] LoginServiceIntfImpl- Current time is 5
[TRACE]2016-11-03 10:05:16.464 [main] LoginServiceIntfImpl- Message "nightMessage" will be printed
[INFO ]2016-11-03 10:05:16.464 [main] LoginServiceIntfImpl- Current time is 6
[TRACE]2016-11-03 10:05:16.464 [main] LoginServiceIntfImpl- Message "morningMessage" will be printed
[INFO ]2016-11-03 10:05:16.687 [main] LoginServiceIntfImpl- Server received login: not_existed_user
[INFO ]2016-11-03 10:05:16.687 [main] LoginServiceIntfImpl- Server received locale: ru
[INFO ]2016-11-03 10:05:16.704 [main] LoginServiceIntfImpl- User is not found
[INFO ]2016-11-03 10:05:16.706 [main] LoginServiceIntfImpl- Server received login: user
[INFO ]2016-11-03 10:05:16.706 [main] LoginServiceIntfImpl- Server received locale: uk
[INFO ]2016-11-03 10:05:16.709 [main] LoginServiceIntfImpl- Current time is 19
[TRACE]2016-11-03 10:05:16.710 [main] LoginServiceIntfImpl- Message "eveningMessage" will be printed
[INFO ]2016-11-03 10:05:16.710 [main] LoginServiceIntfImpl- Current time is 23
[TRACE]2016-11-03 10:05:16.710 [main] LoginServiceIntfImpl- Message "nightMessage" will be printed
[INFO ]2016-11-03 10:05:16.712 [main] LoginServiceIntfImpl- Current time is 9
[TRACE]2016-11-03 10:05:16.712 [main] LoginServiceIntfImpl- Message "dayMessage" will be printed
[INFO ]2016-11-03 10:05:16.715 [main] LoginServiceIntfImpl- Current time is 19
[TRACE]2016-11-03 10:05:16.716 [main] LoginServiceIntfImpl- Message "eveningMessage" will be printed
[INFO ]2016-11-03 10:05:16.718 [main] LoginServiceIntfImpl- Current time is 6
[TRACE]2016-11-03 10:05:16.718 [main] LoginServiceIntfImpl- Message "morningMessage" will be printed
[INFO ]2016-11-03 10:05:16.718 [main] LoginServiceIntfImpl- Current time is 9
[TRACE]2016-11-03 10:05:16.719 [main] LoginServiceIntfImpl- Message "dayMessage" will be printed
[INFO ]2016-11-03 10:08:41.630 [main] LoginServiceIntfImpl- User with name Иван was found
[INFO ]2016-11-03 10:08:41.636 [main] LoginServiceIntfImpl- Current time is 23
[TRACE]2016-11-03 10:08:41.636 [main] LoginServiceIntfImpl- Message "nightMessage" will be printed
[INFO ]2016-11-03 10:08:41.636 [main] LoginServiceIntfImpl- Current time is 5
[TRACE]2016-11-03 10:08:41.636 [main] LoginServiceIntfImpl- Message "nightMessage" will be printed
[INFO ]2016-11-03 10:08:41.636 [main] LoginServiceIntfImpl- Current time is 6
[TRACE]2016-11-03 10:08:41.636 [main] LoginServiceIntfImpl- Message "morningMessage" will be printed
[INFO ]2016-11-03 10:08:41.840 [main] LoginServiceIntfImpl- Server received login: not_existed_user
[INFO ]2016-11-03 10:08:41.840 [main] LoginServiceIntfImpl- Server received locale: ru
[INFO ]2016-11-03 10:08:41.856 [main] LoginServiceIntfImpl- User is not found
[INFO ]2016-11-03 10:08:41.858 [main] LoginServiceIntfImpl- Server received login: user
[INFO ]2016-11-03 10:08:41.858 [main] LoginServiceIntfImpl- Server received locale: uk
[INFO ]2016-11-03 10:08:41.863 [main] LoginServiceIntfImpl- Current time is 19
[TRACE]2016-11-03 10:08:41.864 [main] LoginServiceIntfImpl- Message "eveningMessage" will be printed
[INFO ]2016-11-03 10:08:41.864 [main] LoginServiceIntfImpl- Current time is 23
[TRACE]2016-11-03 10:08:41.864 [main] LoginServiceIntfImpl- Message "nightMessage" will be printed
[INFO ]2016-11-03 10:08:41.865 [main] LoginServiceIntfImpl- Current time is 9
[TRACE]2016-11-03 10:08:41.865 [main] LoginServiceIntfImpl- Message "dayMessage" will be printed
[INFO ]2016-11-03 10:08:41.865 [main] LoginServiceIntfImpl- Current time is 19
[TRACE]2016-11-03 10:08:41.865 [main] LoginServiceIntfImpl- Message "eveningMessage" will be printed
[INFO ]2016-11-03 10:08:41.865 [main] LoginServiceIntfImpl- Current time is 6
[TRACE]2016-11-03 10:08:41.866 [main] LoginServiceIntfImpl- Message "morningMessage" will be printed
[INFO ]2016-11-03 10:08:41.866 [main] LoginServiceIntfImpl- Current time is 9
[TRACE]2016-11-03 10:08:41.866 [main] LoginServiceIntfImpl- Message "dayMessage" will be printed
[INFO ]2016-11-03 10:10:52.279 [main] LoginServiceIntfImpl- User with name Иван was found
[INFO ]2016-11-03 10:10:52.284 [main] LoginServiceIntfImpl- Current time is 23
[TRACE]2016-11-03 10:10:52.284 [main] LoginServiceIntfImpl- Message "nightMessage" will be printed
[INFO ]2016-11-03 10:10:52.284 [main] LoginServiceIntfImpl- Current time is 5
[TRACE]2016-11-03 10:10:52.284 [main] LoginServiceIntfImpl- Message "nightMessage" will be printed
[INFO ]2016-11-03 10:10:52.285 [main] LoginServiceIntfImpl- Current time is 6
[TRACE]2016-11-03 10:10:52.285 [main] LoginServiceIntfImpl- Message "morningMessage" will be printed
[INFO ]2016-11-03 10:10:52.481 [main] LoginServiceIntfImpl- Server received login: not_existed_user
[INFO ]2016-11-03 10:10:52.481 [main] LoginServiceIntfImpl- Server received locale: ru
[INFO ]2016-11-03 10:10:52.489 [main] LoginServiceIntfImpl- User is not found
[INFO ]2016-11-03 10:10:52.490 [main] LoginServiceIntfImpl- Server received login: user
[INFO ]2016-11-03 10:10:52.490 [main] LoginServiceIntfImpl- Server received locale: uk
[INFO ]2016-11-03 10:10:52.493 [main] LoginServiceIntfImpl- Current time is 19
[TRACE]2016-11-03 10:10:52.493 [main] LoginServiceIntfImpl- Message "eveningMessage" will be printed
[INFO ]2016-11-03 10:10:52.493 [main] LoginServiceIntfImpl- Current time is 23
[TRACE]2016-11-03 10:10:52.493 [main] LoginServiceIntfImpl- Message "nightMessage" will be printed
[INFO ]2016-11-03 10:10:52.495 [main] LoginServiceIntfImpl- Current time is 9
[TRACE]2016-11-03 10:10:52.496 [main] LoginServiceIntfImpl- Message "dayMessage" will be printed
[INFO ]2016-11-03 10:10:52.496 [main] LoginServiceIntfImpl- Current time is 19
[TRACE]2016-11-03 10:10:52.496 [main] LoginServiceIntfImpl- Message "eveningMessage" will be printed
[INFO ]2016-11-03 10:10:52.497 [main] LoginServiceIntfImpl- Current time is 6
[TRACE]2016-11-03 10:10:52.497 [main] LoginServiceIntfImpl- Message "morningMessage" will be printed
[INFO ]2016-11-03 10:10:52.497 [main] LoginServiceIntfImpl- Current time is 9
[TRACE]2016-11-03 10:10:52.497 [main] LoginServiceIntfImpl- Message "dayMessage" will be printed
[INFO ]2016-11-03 10:11:59.231 [main] LoginServiceIntfImpl- User with name Иван was found
[INFO ]2016-11-03 10:11:59.236 [main] LoginServiceIntfImpl- Current time is 23
[TRACE]2016-11-03 10:11:59.236 [main] LoginServiceIntfImpl- Message "nightMessage" will be printed
[INFO ]2016-11-03 10:11:59.236 [main] LoginServiceIntfImpl- Current time is 5
[TRACE]2016-11-03 10:11:59.236 [main] LoginServiceIntfImpl- Message "nightMessage" will be printed
[INFO ]2016-11-03 10:11:59.236 [main] LoginServiceIntfImpl- Current time is 6
[TRACE]2016-11-03 10:11:59.236 [main] LoginServiceIntfImpl- Message "morningMessage" will be printed
[INFO ]2016-11-03 10:11:59.418 [main] LoginServiceIntfImpl- Server received login: not_existed_user
[INFO ]2016-11-03 10:11:59.418 [main] LoginServiceIntfImpl- Server received locale: ru
[INFO ]2016-11-03 10:11:59.427 [main] LoginServiceIntfImpl- User is not found
[INFO ]2016-11-03 10:11:59.428 [main] LoginServiceIntfImpl- Server received login: user
[INFO ]2016-11-03 10:11:59.429 [main] LoginServiceIntfImpl- Server received locale: uk
[INFO ]2016-11-03 10:11:59.431 [main] LoginServiceIntfImpl- Current time is 19
[TRACE]2016-11-03 10:11:59.431 [main] LoginServiceIntfImpl- Message "eveningMessage" will be printed
[INFO ]2016-11-03 10:11:59.431 [main] LoginServiceIntfImpl- Current time is 23
[TRACE]2016-11-03 10:11:59.431 [main] LoginServiceIntfImpl- Message "nightMessage" will be printed
[INFO ]2016-11-03 10:11:59.432 [main] LoginServiceIntfImpl- Current time is 9
[TRACE]2016-11-03 10:11:59.432 [main] LoginServiceIntfImpl- Message "dayMessage" will be printed
[INFO ]2016-11-03 10:11:59.432 [main] LoginServiceIntfImpl- Current time is 19
[TRACE]2016-11-03 10:11:59.432 [main] LoginServiceIntfImpl- Message "eveningMessage" will be printed
[INFO ]2016-11-03 10:11:59.433 [main] LoginServiceIntfImpl- Current time is 6
[TRACE]2016-11-03 10:11:59.433 [main] LoginServiceIntfImpl- Message "morningMessage" will be printed
[INFO ]2016-11-03 10:11:59.433 [main] LoginServiceIntfImpl- Current time is 9
[TRACE]2016-11-03 10:11:59.433 [main] LoginServiceIntfImpl- Message "dayMessage" will be printed
[INFO ]2016-11-03 10:12:21.355 [qtp436210873-48] remote_logger- LoginPage: Login page loaded
[INFO ]2016-11-03 10:12:21.355 [qtp436210873-49] remote_logger- LoginPage: Browser locale is ru
[INFO ]2016-11-03 10:12:22.326 [qtp436210873-50] remote_logger- LoginPage: Error message "Login and password fields are empty"
[INFO ]2016-11-03 10:12:50.998 [qtp436210873-47] remote_logger- LoginPage: Login hkjh  were sent to server
[INFO ]2016-11-03 10:12:51.002 [qtp436210873-51] LoginServiceIntfImpl- Server received login: hkjh
[INFO ]2016-11-03 10:12:51.002 [qtp436210873-51] LoginServiceIntfImpl- Server received locale: ru
[INFO ]2016-11-03 10:12:52.659 [qtp436210873-51] LoginServiceIntfImpl- User is not found
[INFO ]2016-11-03 10:12:52.680 [qtp436210873-48] remote_logger- LoginPage: Error message "Incorrect username or password"
